\\warehouse2.seasad.wustl.edu\home\wushuo\my documents\visual studio 2015\projects\lab3\lab3\debug\lab3.pch
\\warehouse2.seasad.wustl.edu\home\wushuo\my documents\visual studio 2015\projects\lab3\lab3\debug\vc140.pdb
\\warehouse2.seasad.wustl.edu\home\wushuo\my documents\visual studio 2015\projects\lab3\lab3\debug\vc140.idb
\\warehouse2.seasad.wustl.edu\home\wushuo\my documents\visual studio 2015\projects\lab3\lab3\debug\stdafx.obj
\\warehouse2.seasad.wustl.edu\home\wushuo\my documents\visual studio 2015\projects\lab3\lab3\debug\card.obj
\\warehouse2.seasad.wustl.edu\home\wushuo\my documents\visual studio 2015\projects\lab3\lab3\debug\deck.obj
\\warehouse2.seasad.wustl.edu\home\wushuo\my documents\visual studio 2015\projects\lab3\lab3\debug\game.obj
\\warehouse2.seasad.wustl.edu\home\wushuo\my documents\visual studio 2015\projects\lab3\lab3\debug\hand.obj
\\warehouse2.seasad.wustl.edu\home\wushuo\my documents\visual studio 2015\projects\lab3\lab3\debug\lab3.obj
\\warehouse2.seasad.wustl.edu\home\wushuo\my documents\visual studio 2015\projects\lab3\lab3\debug\player.obj
\\warehouse2.seasad.wustl.edu\home\wushuo\my documents\visual studio 2015\projects\lab3\lab3\debug\fivecarddraw.obj
\\warehouse2.seasad.wustl.edu\home\wushuo\my documents\visual studio 2015\projects\lab3\debug\lab3.ilk
\\warehouse2.seasad.wustl.edu\home\wushuo\my documents\visual studio 2015\projects\lab3\debug\lab3.exe
\\warehouse2.seasad.wustl.edu\home\wushuo\my documents\visual studio 2015\projects\lab3\debug\lab3.pdb
\\warehouse2.seasad.wustl.edu\home\wushuo\my documents\visual studio 2015\projects\lab3\lab3\debug\lab3.tlog\cl.read.1.tlog
\\warehouse2.seasad.wustl.edu\home\wushuo\my documents\visual studio 2015\projects\lab3\lab3\debug\lab3.tlog\cl.write.1.tlog
\\warehouse2.seasad.wustl.edu\home\wushuo\my documents\visual studio 2015\projects\lab3\lab3\debug\lab3.tlog\cl.command.1.tlog
\\warehouse2.seasad.wustl.edu\home\wushuo\my documents\visual studio 2015\projects\lab3\lab3\debug\lab3.tlog\link.command.1.tlog
\\warehouse2.seasad.wustl.edu\home\wushuo\my documents\visual studio 2015\projects\lab3\lab3\debug\lab3.tlog\link.read.1.tlog
\\warehouse2.seasad.wustl.edu\home\wushuo\my documents\visual studio 2015\projects\lab3\lab3\debug\lab3.tlog\link.write.1.tlog
